Content-Type: text/plain; charset="utf-8"
MIME-Version: 1.0
Content-Transfer-Encoding: 7bit
Subject: Hello
From: storage78926892690@gmail.com
To: darren.goulden@gmail.com
Reply-To: storage78926892690@gmail.com
Date: Sun, 26 Feb 2023 20:23:43 -0000
Message-ID: foo

Body goes here
-------------------------------------------------------------------------------
Content-Type: text/plain; charset="utf-8"
MIME-Version: 1.0
Content-Transfer-Encoding: 7bit
Subject: Hello
From: storage78926892690@gmail.com
To: darren.goulden@gmail.com
Reply-To: storage78926892690@gmail.com
Date: Sun, 26 Feb 2023 20:24:10 -0000
Message-ID: foo

Body goes here
-------------------------------------------------------------------------------
